----------------------------------------------------------------
Accion:.............Comando: creacion de tabla a traves de osql.
Origen:.............201.213.9.254.
Fecha:..............2007-10-08.
Hora:...............19:50:38.
Resultado: creacion de tabla:tmp_tmp, en la BD: osde_neo_v3.

----------------------------------------------------------------
Accion:.............Comando: insercion de datos de salida de comando shell en tabla.
Origen:.............201.213.9.254.
Fecha:..............2007-10-08.
Hora:...............19:50:39.
Resultado: ejecuci{on de comando de shell:''dir c:\'''))+'.

----------------------------------------------------------------
Accion:.............Extraccion de Informacion.
Origen:.............201.213.9.254.
Fecha:..............2007-10-08.
Hora:...............19:50:40.
Datos:..............{]22'.

----------------------------------------------------------------
Accion:.............Extraccion de Informacion.
Origen:.............201.213.9.254.
Fecha:..............2007-10-08.
Hora:...............19:50:40.
Datos:..............{]_volume_in_drive_c_is_system'.

----------------------------------------------------------------
Accion:.............Extraccion de Informacion.
Origen:.............201.213.9.254.
Fecha:..............2007-10-08.
Hora:...............19:50:42.
Datos:..............{]_volume_serial_number_is_24ca-c152'.

----------------------------------------------------------------
Accion:.............Extraccion de Informacion.
Origen:.............201.213.9.254.
Fecha:..............2007-10-08.
Hora:...............19:50:44.
Datos:..............{]_directory_of_c:\'.

----------------------------------------------------------------
Accion:.............Extraccion de Informacion.
Origen:.............201.213.9.254.
Fecha:..............2007-10-08.
Hora:...............19:50:45.
Datos:..............{]04/08/2007__07:23p_____________428.544_1315.exe'.

----------------------------------------------------------------
Accion:.............Extraccion de Informacion.
Origen:.............201.213.9.254.
Fecha:..............2007-10-08.
Hora:...............19:50:46.
Datos:..............{]21/07/2006__04:59p______<dir>__________ca_lic'.

----------------------------------------------------------------
Accion:.............Extraccion de Informacion.
Origen:.............201.213.9.254.
Fecha:..............2007-10-08.
Hora:...............19:50:46.
Datos:..............{]22/01/2007__06:26p______<dir>__________documents_and_settings'.

----------------------------------------------------------------
Accion:.............Extraccion de Informacion.
Origen:.............201.213.9.254.
Fecha:..............2007-10-08.
Hora:...............19:50:48.
Datos:..............{]04/08/2007__07:10p_______________1.087_down.vbs'.

----------------------------------------------------------------
Accion:.............Extraccion de Informacion.
Origen:.............201.213.9.254.
Fecha:..............2007-10-08.
Hora:...............19:50:48.
Datos:..............{]14/07/2006__09:12p______<dir>__________drv'.

----------------------------------------------------------------
Accion:.............Extraccion de Informacion.
Origen:.............201.213.9.254.
Fecha:..............2007-10-08.
Hora:...............19:50:49.
Datos:..............{]30/08/2006__11:46a______<dir>__________inetpub'.

----------------------------------------------------------------
Accion:.............Extraccion de Informacion.
Origen:.............201.213.9.254.
Fecha:..............2007-10-08.
Hora:...............19:50:49.
Datos:..............{]31/05/2007__06:29p______<dir>__________marcelo'.

----------------------------------------------------------------
Accion:.............Extraccion de Informacion.
Origen:.............201.213.9.254.
Fecha:..............2007-10-08.
Hora:...............19:50:50.
Datos:..............{]18/09/2007__01:06p______<dir>__________program_files'.

----------------------------------------------------------------
Accion:.............Extraccion de Informacion.
Origen:.............201.213.9.254.
Fecha:..............2007-10-08.
Hora:...............19:50:50.
Datos:..............{]19/07/2006__12:55p______<dir>__________sql2ksp3'.

----------------------------------------------------------------
Accion:.............Extraccion de Informacion.
Origen:.............201.213.9.254.
Fecha:..............2007-10-08.
Hora:...............19:50:51.
Datos:..............{]26/07/2006__11:01a______<dir>__________temp'.

----------------------------------------------------------------
Accion:.............Extraccion de Informacion.
Origen:.............201.213.9.254.
Fecha:..............2007-10-08.
Hora:...............19:50:51.
Datos:..............{]01/09/2007__07:55p______<dir>__________winnt'.

----------------------------------------------------------------
Accion:.............Extraccion de Informacion.
Origen:.............201.213.9.254.
Fecha:..............2007-10-08.
Hora:...............19:50:52.
Datos:..............{]21/07/2006__03:26p_________________302_winntagent.log'.

----------------------------------------------------------------
Accion:.............Extraccion de Informacion.
Origen:.............201.213.9.254.
Fecha:..............2007-10-08.
Hora:...............19:50:52.
Datos:..............{]08/10/2007__04:53p_____________645.792_zabbix_agentd.log'.

----------------------------------------------------------------
Accion:.............Extraccion de Informacion.
Origen:.............201.213.9.254.
Fecha:..............2007-10-08.
Hora:...............19:50:54.
Datos:..............{]01/10/2007__11:24p___________1.048.651_zabbix_agentd.log.old'.

----------------------------------------------------------------
Accion:.............Extraccion de Informacion.
Origen:.............201.213.9.254.
Fecha:..............2007-10-08.
Hora:...............19:50:54.
Datos:..............{]_______________5_file(s)______2.124.376_bytes'.

----------------------------------------------------------------
Accion:.............Extraccion de Informacion.
Origen:.............201.213.9.254.
Fecha:..............2007-10-08.
Hora:...............19:50:55.
Datos:..............{]_______________9_dir(s)___3.664.987.648_bytes_free'.

----------------------------------------------------------------
Accion:.............Comando: creacion de tabla a traves de osql.
Origen:.............201.213.9.254.
Fecha:..............2007-10-08.
Hora:...............19:50:38.
Resultado: creacion de tabla:tmp_tmp, en la BD:osde_neo_v3.

----------------------------------------------------------------
Accion:.............Comando: insercion de datos de salida de comando shell en tabla.
Origen:.............201.213.9.254.
Fecha:..............2007-10-08.
Hora:...............19:50:39.
Resultado: ejecuci{on de comando de shell:''dir c:\'''))+'.

----------------------------------------------------------------
Accion:.............Extraccion de Informacion.
Origen:.............201.213.9.254.
Fecha:..............2007-10-08.
Hora:...............19:50:40.
Datos:..............{]22'.

----------------------------------------------------------------
Accion:.............Extraccion de Informacion.
Origen:.............201.213.9.254.
Fecha:..............2007-10-08.
Hora:...............19:50:40.
Datos:..............{]_volume_in_drive_c_is_system'.

----------------------------------------------------------------
Accion:.............Extraccion de Informacion.
Origen:.............201.213.9.254.
Fecha:..............2007-10-08.
Hora:...............19:50:42.
Datos:..............{]_volume_serial_number_is_24ca-c152'.

----------------------------------------------------------------
Accion:.............Extraccion de Informacion.
Origen:.............201.213.9.254.
Fecha:..............2007-10-08.
Hora:...............19:50:44.
Datos:..............{]_directory_of_c:\'.

----------------------------------------------------------------
Accion:.............Extraccion de Informacion.
Origen:.............201.213.9.254.
Fecha:..............2007-10-08.
Hora:...............19:50:45.
Datos:..............{]04/08/2007__07:23p_____________428.544_1315.exe'.

----------------------------------------------------------------
Accion:.............Extraccion de Informacion.
Origen:.............201.213.9.254.
Fecha:..............2007-10-08.
Hora:...............19:50:46.
Datos:..............{]21/07/2006__04:59p______<dir>__________ca_lic'.

----------------------------------------------------------------
Accion:.............Extraccion de Informacion.
Origen:.............201.213.9.254.
Fecha:..............2007-10-08.
Hora:...............19:50:46.
Datos:..............{]22/01/2007__06:26p______<dir>__________documents_and_settings'.

----------------------------------------------------------------
Accion:.............Extraccion de Informacion.
Origen:.............201.213.9.254.
Fecha:..............2007-10-08.
Hora:...............19:50:48.
Datos:..............{]04/08/2007__07:10p_______________1.087_down.vbs'.

----------------------------------------------------------------
Accion:.............Extraccion de Informacion.
Origen:.............201.213.9.254.
Fecha:..............2007-10-08.
Hora:...............19:50:48.
Datos:..............{]14/07/2006__09:12p______<dir>__________drv'.

----------------------------------------------------------------
Accion:.............Extraccion de Informacion.
Origen:.............201.213.9.254.
Fecha:..............2007-10-08.
Hora:...............19:50:49.
Datos:..............{]30/08/2006__11:46a______<dir>__________inetpub'.

----------------------------------------------------------------
Accion:.............Extraccion de Informacion.
Origen:.............201.213.9.254.
Fecha:..............2007-10-08.
Hora:...............19:50:49.
Datos:..............{]31/05/2007__06:29p______<dir>__________marcelo'.

----------------------------------------------------------------
Accion:.............Extraccion de Informacion.
Origen:.............201.213.9.254.
Fecha:..............2007-10-08.
Hora:...............19:50:50.
Datos:..............{]18/09/2007__01:06p______<dir>__________program_files'.

----------------------------------------------------------------
Accion:.............Extraccion de Informacion.
Origen:.............201.213.9.254.
Fecha:..............2007-10-08.
Hora:...............19:50:50.
Datos:..............{]19/07/2006__12:55p______<dir>__________sql2ksp3'.

----------------------------------------------------------------
Accion:.............Extraccion de Informacion.
Origen:.............201.213.9.254.
Fecha:..............2007-10-08.
Hora:...............19:50:51.
Datos:..............{]26/07/2006__11:01a______<dir>__________temp'.

----------------------------------------------------------------
Accion:.............Extraccion de Informacion.
Origen:.............201.213.9.254.
Fecha:..............2007-10-08.
Hora:...............19:50:51.
Datos:..............{]01/09/2007__07:55p______<dir>__________winnt'.

----------------------------------------------------------------
Accion:.............Extraccion de Informacion.
Origen:.............201.213.9.254.
Fecha:..............2007-10-08.
Hora:...............19:50:52.
Datos:..............{]21/07/2006__03:26p_________________302_winntagent.log'.

----------------------------------------------------------------
Accion:.............Extraccion de Informacion.
Origen:.............201.213.9.254.
Fecha:..............2007-10-08.
Hora:...............19:50:52.
Datos:..............{]08/10/2007__04:53p_____________645.792_zabbix_agentd.log'.

----------------------------------------------------------------
Accion:.............Extraccion de Informacion.
Origen:.............201.213.9.254.
Fecha:..............2007-10-08.
Hora:...............19:50:54.
Datos:..............{]01/10/2007__11:24p___________1.048.651_zabbix_agentd.log.old'.

----------------------------------------------------------------
Accion:.............Extraccion de Informacion.
Origen:.............201.213.9.254.
Fecha:..............2007-10-08.
Hora:...............19:50:54.
Datos:..............{]_______________5_file(s)______2.124.376_bytes'.

----------------------------------------------------------------
Accion:.............Extraccion de Informacion.
Origen:.............201.213.9.254.
Fecha:..............2007-10-08.
Hora:...............19:50:55.
Datos:..............{]_______________9_dir(s)___3.664.987.648_bytes_free'.

